[debug] [2024-08-01T23:56:17.491Z] ----------------------------------------------------------------------
[debug] [2024-08-01T23:56:17.494Z] Command:       /usr/local/bin/node /usr/local/bin/firebase init
[debug] [2024-08-01T23:56:17.495Z] CLI Version:   13.15.0
[debug] [2024-08-01T23:56:17.495Z] Platform:      darwin
[debug] [2024-08-01T23:56:17.495Z] Node Version:  v20.13.1
[debug] [2024-08-01T23:56:17.495Z] Time:          Thu Aug 01 2024 17:56:17 GMT-0600 (Central Standard Time)
[debug] [2024-08-01T23:56:17.495Z] ----------------------------------------------------------------------
[debug] 
[debug] [2024-08-01T23:56:17.571Z] > command requires scopes: ["email","openid","https://www.googleapis.com/auth/cloudplatformprojects.readonly","https://www.googleapis.com/auth/firebase","https://www.googleapis.com/auth/cloud-platform"]
[debug] [2024-08-01T23:56:17.571Z] > authorizing via signed-in user (ing.cisnecar@gmail.com)
[info] 
     ######## #### ########  ######## ########     ###     ######  ########
     ##        ##  ##     ## ##       ##     ##  ##   ##  ##       ##
     ######    ##  ########  ######   ########  #########  ######  ######
     ##        ##  ##    ##  ##       ##     ## ##     ##       ## ##
     ##       #### ##     ## ######## ########  ##     ##  ######  ########

You're about to initialize a Firebase project in this directory:

  /Users/isaac/Documents/PINPENTS/pinpets-api

Before we get started, keep in mind:

  * You are initializing within an existing Firebase project directory

[error] 
[error] Error: Must select at least one feature. Use SPACEBAR to select features, or specify a feature by running firebase init [feature_name]
